<?xml version="1.0" encoding="UTF-8"?>
<!-- Generated by org.testng.reporters.JUnitXMLReporter -->
<testsuite ignored="0" hostname="LTIN179458" failures="0" tests="1" name="Test" time="0.227" errors="0" timestamp="01 Oct 2020 16:16:10 GMT">
  <testcase classname="TestNG.Seleniumtest.VerifySeleniumTest" name="@BeforeClass testSetUp" time="0.0">
    <failure type="java.lang.IllegalStateException" message="The driver executable does not exist: C:\Users\415998\Eclipse_Workspaces\seleniumAutomationws\Seleniumtest\src\main\java\resources.drivers\chromedriver.exe">
      <![CDATA[java.lang.IllegalStateException: The driver executable does not exist: C:\Users\415998\Eclipse_Workspaces\seleniumAutomationws\Seleniumtest\src\main\java\resources.drivers\chromedriver.exe
	at com.google.common.base.Preconditions.checkState(Preconditions.java:585)
	at org.openqa.selenium.remote.service.DriverService.checkExecutable(DriverService.java:137)
	at org.openqa.selenium.remote.service.DriverService.findExecutable(DriverService.java:132)
	at org.openqa.selenium.chrome.ChromeDriverService.access$000(ChromeDriverService.java:35)
	at org.openqa.selenium.chrome.ChromeDriverService$Builder.findDefaultExecutable(ChromeDriverService.java:156)
	at org.openqa.selenium.remote.service.DriverService$Builder.build(DriverService.java:346)
	at org.openqa.selenium.chrome.ChromeDriverService.createDefaultService(ChromeDriverService.java:91)
	at org.openqa.selenium.chrome.ChromeDriver.<init>(ChromeDriver.java:123)
	at TestNG.Seleniumtest.VerifySeleniumTest.testSetUp(VerifySeleniumTest.java:23)
... Removed 25 stack frames]]>
    </failure>
  </testcase> <!-- @BeforeClass testSetUp -->
  <testcase classname="TestNG.Seleniumtest.VerifySeleniumTest" name="@AfterClass tearDown" time="0.0">
    <skipped/>
  </testcase> <!-- @AfterClass tearDown -->
  <testcase classname="TestNG.Seleniumtest.VerifySeleniumTest" name="verifyGooglePageTittle" time="0.006">
    <skipped/>
  </testcase> <!-- verifyGooglePageTittle -->
</testsuite> <!-- Test -->
